INFO:  latexindent version 3.15, 2022-01-21, a script to indent .tex files
       latexindent lives here: /usr/share/texlive/texmf-dist/scripts/latexindent/
       Sun May 28 12:22:07 2023
       Filename: wwwww.tex
INFO:  Processing switches:
       -w|--overwrite: Overwrite mode active, will make a back up of wwwww.tex first
INFO:  Directory for backup files and indent.log: .
INFO:  YAML settings read: defaultSettings.yaml
       Reading defaultSettings.yaml from /usr/share/texlive/texmf-dist/scripts/latexindent/defaultSettings.yaml
INFO:  YAML settings read: indentconfig.yaml or .indentconfig.yaml
       Home directory is /home/linux (didn't find either indentconfig.yaml or .indentconfig.yaml)
       To specify user settings you would put indentconfig.yaml here: /home/linux/indentconfig.yaml
       Alternatively, you can use the hidden file .indentconfig.yaml as: /home/linux/.indentconfig.yaml
INFO:  Backup procedure (-w flag active):
       ./wwwww.bak0 already exists, incrementing by 1... (see maxNumberOfBackUps and onlyOneBackUp)
       ./wwwww.bak1 already exists, incrementing by 1... (see maxNumberOfBackUps and onlyOneBackUp)
       ./wwwww.bak2 already exists, incrementing by 1... (see maxNumberOfBackUps and onlyOneBackUp)
       copying wwwww.tex to ./wwwww.bak3
       Backup file: ./wwwww.bak3
       wwwww.tex will be overwritten after indentation
INFO:  Phase 1: searching for objects
INFO:  Phase 2: finding surrounding indentation
INFO:  Phase 3: indenting objects
INFO:  Phase 4: final indentation check
INFO:  Output routine:
       Overwriting file wwwww.tex
       --------------
INFO:  Please direct all communication/issues to:
        https://github.com/cmhughes/latexindent.pl
